<?xml version="1.0" encoding="UTF-8"?>
<!-- Generated by org.testng.reporters.JUnitXMLReporter -->
<testsuite hostname="Admins-MBP-2.Dlink" ignored="0" name="Test" tests="4" failures="0" timestamp="11 Jan 2020 05:07:42 GMT" time="16.728" errors="0">
  <testcase name="verifyTitle" time="0.025" classname="testNG.MedTran001"/>
  <testcase name="verifyBuyNow" time="0.294" classname="testNG.MedTran002"/>
  <testcase name="verifyBuyNow" time="0.002" classname="testNG.MedTran004">
    <skipped/>
  </testcase> <!-- verifyBuyNow -->
  <testcase name="verifyBuyNow" time="0.113" classname="testNG.MedTran005"/>
</testsuite> <!-- Test -->
