<?xml version="1.0" encoding="UTF-8"?>
<!-- Generated by org.testng.reporters.JUnitXMLReporter -->
<testsuite hostname="Admins-MacBook-Pro-2.local" ignored="0" name="Command line test" tests="11" failures="6" timestamp="12 Jan 2020 04:16:19 GMT" time="17.855" errors="0">
  <testcase name="userDetails" time="0.004" classname="testNG.TestDataFromExcelUsingHashTable">
    <failure type="java.lang.NullPointerException">
      <![CDATA[java.lang.NullPointerException
at testNG.TestDataFromExcelUsingHashTable.userDetails(TestDataFromExcelUsingHashTable.java:23)
... Removed 35 stack frames]]>
    </failure>
  </testcase> <!-- userDetails -->
  <testcase name="userDetails" time="0.001" classname="testNG.TestDataFromExcelUsingHashTable">
    <failure type="java.lang.NullPointerException">
      <![CDATA[java.lang.NullPointerException
at testNG.TestDataFromExcelUsingHashTable.userDetails(TestDataFromExcelUsingHashTable.java:23)
... Removed 35 stack frames]]>
    </failure>
  </testcase> <!-- userDetails -->
  <testcase name="userDetails" time="0.0" classname="testNG.TestDataFromExcelUsingHashTable">
    <failure type="java.lang.NullPointerException">
      <![CDATA[java.lang.NullPointerException
at testNG.TestDataFromExcelUsingHashTable.userDetails(TestDataFromExcelUsingHashTable.java:23)
... Removed 35 stack frames]]>
    </failure>
  </testcase> <!-- userDetails -->
  <testcase name="userDetails" time="0.001" classname="testNG.TestDataFromExcelUsingHashTable">
    <failure type="java.lang.NullPointerException">
      <![CDATA[java.lang.NullPointerException
at testNG.TestDataFromExcelUsingHashTable.userDetails(TestDataFromExcelUsingHashTable.java:23)
... Removed 35 stack frames]]>
    </failure>
  </testcase> <!-- userDetails -->
  <testcase name="userDetails" time="0.001" classname="testNG.TestDataFromExcelUsingHashTable">
    <failure type="java.lang.NullPointerException">
      <![CDATA[java.lang.NullPointerException
at testNG.TestDataFromExcelUsingHashTable.userDetails(TestDataFromExcelUsingHashTable.java:23)
... Removed 35 stack frames]]>
    </failure>
  </testcase> <!-- userDetails -->
  <testcase name="userDetails" time="0.007" classname="testNG.TestDataFromExcelUsingHashTable">
    <failure type="java.lang.NullPointerException">
      <![CDATA[java.lang.NullPointerException
at testNG.TestDataFromExcelUsingHashTable.userDetails(TestDataFromExcelUsingHashTable.java:23)
... Removed 35 stack frames]]>
    </failure>
  </testcase> <!-- userDetails -->
  <testcase name="f" time="2.578" classname="testNG.TestDataFromExcel"/>
  <testcase name="f" time="2.246" classname="testNG.TestDataFromExcel"/>
  <testcase name="f" time="2.279" classname="testNG.TestDataFromExcel"/>
  <testcase name="firstTest" time="0.0" classname="testNG.TestNGAnnotations"/>
  <testcase name="secondTest" time="0.0" classname="testNG.TestNGAnnotations"/>
</testsuite> <!-- Command line test -->
