<?xml version="1.0" encoding="UTF-8" ?>
<testsuite tests="11" failures="6" name="TestSuite" time="7.127" errors="0" skipped="0">
  <properties>
[...]
</properties>
  <testcase classname="testNG.TestDataFromExcelUsingHashTable" name="userDetails" time="0.009">
    <failure type="java.lang.NullPointerException">java.lang.NullPointerException
	at testNG.TestDataFromExcelUsingHashTable.userDetails(TestDataFromExcelUsingHashTable.java:23)
</failure>
    <system-out>Configuring TestNG with: org.apache.maven.surefire.testng.conf.TestNG652Configurator@3caeaf62
@BeforeSuite started.
@BeforeTest started.
User :Aravinda
Age :30.0
Address :Bombay
Company :Ifosys
</system-out>
    <system-err>Starting ChromeDriver 2.40.565386 (45a059dc425e08165f9a10324bd1380cc13ca363) on port 43134
Only local connections are allowed.
Jan 12, 2020 9:46:04 AM org.openqa.selenium.remote.ProtocolHandshake createSession
INFO: Detected dialect: OSS
</system-err>
  </testcase>
  <testcase classname="testNG.TestDataFromExcelUsingHashTable" name="userDetails" time="0">
    <failure type="java.lang.NullPointerException">java.lang.NullPointerException
	at testNG.TestDataFromExcelUsingHashTable.userDetails(TestDataFromExcelUsingHashTable.java:23)
</failure>
    <system-out>User :Avi
Age :29.0
Address :Delhi
Company :Flipkart
</system-out>
  </testcase>
  <testcase classname="testNG.TestDataFromExcelUsingHashTable" name="userDetails" time="0">
    <failure type="java.lang.NullPointerException">java.lang.NullPointerException
	at testNG.TestDataFromExcelUsingHashTable.userDetails(TestDataFromExcelUsingHashTable.java:23)
</failure>
    <system-out>User :Ankush
Age :30.0
Address :Bangalore
Company :Amazon
</system-out>
  </testcase>
  <testcase classname="testNG.TestDataFromExcelUsingHashTable" name="userDetails" time="0.006">
    <failure type="java.lang.NullPointerException">java.lang.NullPointerException
	at testNG.TestDataFromExcelUsingHashTable.userDetails(TestDataFromExcelUsingHashTable.java:23)
</failure>
    <system-out>User :Poonam
Age :30.0
Address :Chennai
Company :IgTE
</system-out>
  </testcase>
  <testcase classname="testNG.TestDataFromExcelUsingHashTable" name="userDetails" time="0.001">
    <failure type="java.lang.NullPointerException">java.lang.NullPointerException
	at testNG.TestDataFromExcelUsingHashTable.userDetails(TestDataFromExcelUsingHashTable.java:23)
</failure>
    <system-out>User :Abhi
Age :29.0
Address :Madras
Company :HCK
</system-out>
  </testcase>
  <testcase classname="testNG.TestDataFromExcelUsingHashTable" name="userDetails" time="0.008">
    <failure type="java.lang.NullPointerException">java.lang.NullPointerException
	at testNG.TestDataFromExcelUsingHashTable.userDetails(TestDataFromExcelUsingHashTable.java:23)
</failure>
    <system-out>User :Pradyumna
Age :29.0
Address :Bangalore
Company :OLA
</system-out>
  </testcase>
  <testcase classname="testNG.TestDataFromExcel" name="f" time="2.578"/>
  <testcase classname="testNG.TestDataFromExcel" name="f" time="2.245"/>
  <testcase classname="testNG.TestDataFromExcel" name="f" time="2.28"/>
  <testcase classname="testNG.TestNGAnnotations" name="firstTest" time="0"/>
  <testcase classname="testNG.TestNGAnnotations" name="secondTest" time="0"/>
</testsuite>