<?xml version="1.0" encoding="UTF-8"?>
<testng-results skipped="0" failed="0" ignored="0" total="1" passed="1">
  <reporter-output>
  </reporter-output>
  <suite name="Default suite" duration-ms="6433" started-at="2020-01-26T06:08:00Z" finished-at="2020-01-26T06:08:06Z">
    <groups>
    </groups>
    <test name="Default test" duration-ms="6433" started-at="2020-01-26T06:08:00Z" finished-at="2020-01-26T06:08:06Z">
      <class name="locators.ByTagNames">
        <test-method status="PASS" signature="setup()[pri:0, instance:locators.ByTagNames@3fee9989]" name="setup" is-config="true" duration-ms="3360" started-at="2020-01-26T06:08:00Z" finished-at="2020-01-26T06:08:03Z">
          <reporter-output>
          </reporter-output>
        </test-method> <!-- setup -->
        <test-method status="PASS" signature="search()[pri:0, instance:locators.ByTagNames@3fee9989]" name="search" duration-ms="2730" started-at="2020-01-26T06:08:03Z" finished-at="2020-01-26T06:08:06Z">
          <reporter-output>
          </reporter-output>
        </test-method> <!-- search -->
        <test-method status="PASS" signature="teardown()[pri:0, instance:locators.ByTagNames@3fee9989]" name="teardown" is-config="true" duration-ms="292" started-at="2020-01-26T06:08:06Z" finished-at="2020-01-26T06:08:06Z">
          <reporter-output>
          </reporter-output>
        </test-method> <!-- teardown -->
      </class> <!-- locators.ByTagNames -->
    </test> <!-- Default test -->
  </suite> <!-- Default suite -->
</testng-results>
